STEP: 10 ENERGY: -575.1213128487593
STEP: 10 ENERGY: -574.5780140068529
STEP: 10 ENERGY: -574.5780140068529
STEP: 20 ENERGY: -574.5780140068529
STEP: 30 ENERGY: -574.5780140068529
STEP: 40 ENERGY: -574.8984072299913
STEP: 10 ENERGY: -574.5780140068529
STEP: 20 ENERGY: -574.5780140068529
STEP: 10 ENERGY: -574.5780140068529
STEP: 10 ENERGY: -574.5780140068529
STEP: 20 ENERGY: -575.0252902982861
STEP: 30 ENERGY: -575.0252902982861
STEP: 40 ENERGY: -575.0252902982861
STEP: 50 ENERGY: -575.0252902982861
STEP: 60 ENERGY: -575.0252902982861
STEP: 70 ENERGY: -575.0252902982861
STEP: 80 ENERGY: -575.0252902982861
STEP: 90 ENERGY: -575.0252902982861
STEP: 100 ENERGY: -575.0252902982861
STEP: 110 ENERGY: -575.0252902982861
STEP: 120 ENERGY: -575.0252902982861
STEP: 130 ENERGY: -575.0252902982861
STEP: 140 ENERGY: -575.0252902982861
STEP: 150 ENERGY: -575.0252902982861
STEP: 160 ENERGY: -575.0252902982861
STEP: 170 ENERGY: -575.0252902982861
STEP: 180 ENERGY: -575.0252902982861
STEP: 190 ENERGY: -575.0252902982861
STEP: 200 ENERGY: -575.0252902982861
STEP: 210 ENERGY: -575.0252902982861
STEP: 220 ENERGY: -575.0252902982861
STEP: 230 ENERGY: -575.0252902982861
STEP: 240 ENERGY: -575.0252902982861
STEP: 250 ENERGY: -575.0252902982861
STEP: 260 ENERGY: -575.0252902982861
STEP: 270 ENERGY: -575.0252902982861
STEP: 280 ENERGY: -575.0252902982861
STEP: 290 ENERGY: -575.0252902982861
STEP: 300 ENERGY: -575.0252902982861
STEP: 310 ENERGY: -575.0252902982861
STEP: 320 ENERGY: -575.0252902982861
STEP: 330 ENERGY: -575.0252902982861
STEP: 340 ENERGY: -575.0252902982861
STEP: 350 ENERGY: -575.0252902982861
STEP: 360 ENERGY: -575.0252902982861
STEP: 370 ENERGY: -575.0252902982861
STEP: 380 ENERGY: -575.0252902982861
STEP: 390 ENERGY: -575.0252902982861
STEP: 400 ENERGY: -575.0252902982861
STEP: 410 ENERGY: -575.0252902982861
STEP: 420 ENERGY: -575.0252902982861
STEP: 430 ENERGY: -575.0252902982861
STEP: 440 ENERGY: -575.0252902982861
STEP: 450 ENERGY: -575.0252902982861
STEP: 460 ENERGY: -575.0252902982861
STEP: 470 ENERGY: -575.0252902982861
STEP: 480 ENERGY: -575.0252902982861
STEP: 490 ENERGY: -575.0252902982861
STEP: 500 ENERGY: -575.0252902982861
STEP: 510 ENERGY: -575.0252902982861
STEP: 520 ENERGY: -575.0252902982861
STEP: 530 ENERGY: -575.0252902982861
STEP: 540 ENERGY: -575.0252902982861
STEP: 550 ENERGY: -575.0252902982861
STEP: 560 ENERGY: -575.0252902982861
STEP: 570 ENERGY: -575.0252902982861
STEP: 580 ENERGY: -575.0252902982861
STEP: 590 ENERGY: -575.0252902982861
STEP: 600 ENERGY: -575.0252902982861
STEP: 610 ENERGY: -575.0252902982861
STEP: 620 ENERGY: -575.0252902982861
STEP: 630 ENERGY: -575.0252902982861
STEP: 640 ENERGY: -575.0252902982861
STEP: 650 ENERGY: -575.0252902982861
STEP: 660 ENERGY: -575.0252902982861
STEP: 670 ENERGY: -575.0252902982861
STEP: 680 ENERGY: -575.0252902982861
STEP: 690 ENERGY: -575.0252902982861
STEP: 700 ENERGY: -575.0252902982861
STEP: 710 ENERGY: -575.0252902982861
STEP: 720 ENERGY: -575.0252902982861
STEP: 730 ENERGY: -575.0252902982861
STEP: 740 ENERGY: -575.0252902982861
STEP: 750 ENERGY: -575.0252902982861
STEP: 760 ENERGY: -575.0252902982861
STEP: 770 ENERGY: -575.0252902982861
STEP: 780 ENERGY: -575.0252902982861
STEP: 790 ENERGY: -575.0252902982861
STEP: 800 ENERGY: -575.0252902982861
STEP: 810 ENERGY: -575.0252902982861
STEP: 820 ENERGY: -575.0252902982861
STEP: 830 ENERGY: -575.0252902982861
STEP: 840 ENERGY: -575.0252902982861
STEP: 850 ENERGY: -575.0252902982861
STEP: 860 ENERGY: -575.0252902982861
STEP: 870 ENERGY: -575.0252902982861
STEP: 880 ENERGY: -575.0252902982861
STEP: 890 ENERGY: -575.0252902982861
STEP: 900 ENERGY: -575.0252902982861
STEP: 910 ENERGY: -575.0252902982861
STEP: 920 ENERGY: -575.0252902982861
STEP: 930 ENERGY: -575.0252902982861
STEP: 940 ENERGY: -575.0252902982861
STEP: 950 ENERGY: -575.0252902982861
STEP: 960 ENERGY: -575.120523000731
STEP: 970 ENERGY: -575.120523000731
STEP: 980 ENERGY: -575.120523000731
STEP: 990 ENERGY: -575.120523000731
STEP: 1000 ENERGY: -575.120523000731
STEP: 1010 ENERGY: -575.120523000731
STEP: 1020 ENERGY: -575.120523000731
STEP: 1030 ENERGY: -575.120523000731
STEP: 1040 ENERGY: -575.120523000731
STEP: 1050 ENERGY: -575.120523000731
STEP: 1060 ENERGY: -575.120523000731
STEP: 1070 ENERGY: -575.120523000731
STEP: 1080 ENERGY: -575.120523000731
STEP: 1090 ENERGY: -575.120523000731
STEP: 1100 ENERGY: -575.120523000731
STEP: 1110 ENERGY: -575.120523000731
STEP: 1120 ENERGY: -575.120523000731
STEP: 1130 ENERGY: -575.120523000731
STEP: 1140 ENERGY: -575.120523000731
STEP: 1150 ENERGY: -575.120523000731
STEP: 1160 ENERGY: -575.120523000731
STEP: 1170 ENERGY: -575.120523000731
STEP: 1180 ENERGY: -575.120523000731
STEP: 1190 ENERGY: -575.120523000731
STEP: 1200 ENERGY: -575.120523000731
STEP: 1210 ENERGY: -575.120523000731
STEP: 1220 ENERGY: -575.120523000731
STEP: 1230 ENERGY: -575.120523000731
STEP: 1240 ENERGY: -575.120523000731
STEP: 1250 ENERGY: -575.120523000731
STEP: 1260 ENERGY: -575.120523000731
STEP: 1270 ENERGY: -575.120523000731
STEP: 1280 ENERGY: -575.120523000731
STEP: 1290 ENERGY: -575.120523000731
STEP: 1300 ENERGY: -575.120523000731
STEP: 1310 ENERGY: -575.120523000731
STEP: 1320 ENERGY: -575.120523000731
STEP: 1330 ENERGY: -575.120523000731
STEP: 1340 ENERGY: -575.120523000731
STEP: 1350 ENERGY: -575.120523000731
STEP: 1360 ENERGY: -575.120523000731
STEP: 1370 ENERGY: -575.120523000731
STEP: 1380 ENERGY: -575.120523000731
STEP: 1390 ENERGY: -575.120523000731
STEP: 1400 ENERGY: -575.120523000731
STEP: 1410 ENERGY: -575.120523000731
STEP: 1420 ENERGY: -575.120523000731
STEP: 1430 ENERGY: -575.120523000731
STEP: 1440 ENERGY: -575.120523000731
STEP: 1450 ENERGY: -575.120523000731
STEP: 1460 ENERGY: -575.120523000731
STEP: 1470 ENERGY: -575.120523000731
STEP: 1480 ENERGY: -575.120523000731
STEP: 1490 ENERGY: -575.120523000731
STEP: 1500 ENERGY: -575.120523000731
STEP: 1510 ENERGY: -575.120523000731
STEP: 1520 ENERGY: -575.120523000731
STEP: 1530 ENERGY: -575.120523000731
STEP: 1540 ENERGY: -575.120523000731
STEP: 1550 ENERGY: -575.120523000731
STEP: 1560 ENERGY: -575.120523000731
STEP: 1570 ENERGY: -575.120523000731
STEP: 1580 ENERGY: -575.120523000731
STEP: 1590 ENERGY: -575.120523000731
STEP: 1600 ENERGY: -575.120523000731
STEP: 1610 ENERGY: -575.120523000731
STEP: 1620 ENERGY: -575.120523000731
STEP: 1630 ENERGY: -575.120523000731
STEP: 1640 ENERGY: -575.120523000731
STEP: 1650 ENERGY: -575.120523000731
STEP: 1660 ENERGY: -575.120523000731
STEP: 1670 ENERGY: -575.120523000731
STEP: 1680 ENERGY: -575.120523000731
STEP: 1690 ENERGY: -575.120523000731
STEP: 1700 ENERGY: -575.120523000731
STEP: 1710 ENERGY: -575.120523000731
STEP: 1720 ENERGY: -575.120523000731
STEP: 1730 ENERGY: -575.120523000731
STEP: 1740 ENERGY: -575.120523000731
STEP: 1750 ENERGY: -575.120523000731
STEP: 1760 ENERGY: -575.120523000731
STEP: 1770 ENERGY: -575.120523000731
STEP: 1780 ENERGY: -575.120523000731
STEP: 1790 ENERGY: -575.120523000731
STEP: 1800 ENERGY: -575.120523000731
STEP: 1810 ENERGY: -575.120523000731
STEP: 1820 ENERGY: -575.120523000731
STEP: 1830 ENERGY: -575.120523000731
STEP: 1840 ENERGY: -575.120523000731
STEP: 1850 ENERGY: -575.120523000731
STEP: 1860 ENERGY: -575.120523000731
STEP: 1870 ENERGY: -575.120523000731
STEP: 1880 ENERGY: -575.120523000731
STEP: 1890 ENERGY: -575.120523000731
STEP: 1900 ENERGY: -575.120523000731
STEP: 1910 ENERGY: -575.120523000731
STEP: 1920 ENERGY: -575.120523000731
STEP: 1930 ENERGY: -575.120523000731
STEP: 1940 ENERGY: -575.120523000731
STEP: 1950 ENERGY: -575.120523000731
STEP: 1960 ENERGY: -575.120523000731
STEP: 1970 ENERGY: -575.120523000731
STEP: 1980 ENERGY: -575.120523000731
STEP: 1990 ENERGY: -575.120523000731
STEP: 2000 ENERGY: -575.120523000731
