STEP: 10 ENERGY: -509.66332445202727
STEP: 20 ENERGY: -509.66332445202727
STEP: 30 ENERGY: -509.71731019860056
STEP: 40 ENERGY: -509.71731019860056
STEP: 50 ENERGY: -509.71731019860056
STEP: 60 ENERGY: -509.71731019860056
STEP: 70 ENERGY: -509.71731019860056
STEP: 80 ENERGY: -509.71731019860056
STEP: 90 ENERGY: -509.71731019860056
STEP: 100 ENERGY: -509.71731019860056
STEP: 110 ENERGY: -509.71731019860056
STEP: 120 ENERGY: -509.71731019860056
STEP: 130 ENERGY: -509.71731019860056
STEP: 140 ENERGY: -509.71731019860056
STEP: 150 ENERGY: -509.71731019860056
STEP: 160 ENERGY: -509.71731019860056
STEP: 170 ENERGY: -509.71731019860056
STEP: 180 ENERGY: -509.71731019860056
STEP: 190 ENERGY: -509.71731019860056
STEP: 200 ENERGY: -509.71731019860056
STEP: 210 ENERGY: -509.71731019860056
STEP: 220 ENERGY: -509.71731019860056
STEP: 230 ENERGY: -509.71731019860056
STEP: 240 ENERGY: -509.71731019860056
STEP: 250 ENERGY: -509.7691067138434
STEP: 260 ENERGY: -509.7691067138434
STEP: 270 ENERGY: -509.7691067138434
STEP: 280 ENERGY: -509.7691067138434
STEP: 290 ENERGY: -509.7691067138434
STEP: 300 ENERGY: -509.7691067138434
STEP: 310 ENERGY: -509.7691067138434
STEP: 320 ENERGY: -509.7691067138434
STEP: 330 ENERGY: -509.7691067138434
STEP: 340 ENERGY: -509.9008720304312
STEP: 350 ENERGY: -509.9008720304312
STEP: 360 ENERGY: -509.9008720304312
STEP: 370 ENERGY: -509.9008720304312
STEP: 380 ENERGY: -509.9008720304312
STEP: 390 ENERGY: -509.9008720304312
STEP: 400 ENERGY: -509.9008720304312
STEP: 410 ENERGY: -509.9008720304312
STEP: 420 ENERGY: -509.9008720304312
STEP: 430 ENERGY: -509.9008720304312
STEP: 440 ENERGY: -509.9008720304312
STEP: 450 ENERGY: -509.9008720304312
STEP: 460 ENERGY: -509.9008720304312
STEP: 470 ENERGY: -509.9008720304312
STEP: 480 ENERGY: -509.9008720304312
STEP: 490 ENERGY: -509.9008720304312
STEP: 500 ENERGY: -509.9728140702319
STEP: 510 ENERGY: -509.9728140702319
STEP: 520 ENERGY: -509.9728140702319
STEP: 530 ENERGY: -509.9728140702319
STEP: 540 ENERGY: -509.9728140702319
STEP: 550 ENERGY: -509.9728140702319
STEP: 560 ENERGY: -509.9728140702319
STEP: 570 ENERGY: -509.9728140702319
STEP: 580 ENERGY: -509.9728140702319
STEP: 590 ENERGY: -509.9728140702319
STEP: 600 ENERGY: -509.9728140702319
STEP: 610 ENERGY: -509.9728140702319
STEP: 620 ENERGY: -509.9728140702319
STEP: 630 ENERGY: -509.9728140702319
STEP: 640 ENERGY: -509.9728140702319
STEP: 650 ENERGY: -509.9728140702319
STEP: 660 ENERGY: -509.9728140702319
STEP: 670 ENERGY: -509.9728140702319
STEP: 680 ENERGY: -509.9728140702319
STEP: 690 ENERGY: -509.9728140702319
STEP: 700 ENERGY: -509.9728140702319
STEP: 710 ENERGY: -509.9728140702319
STEP: 720 ENERGY: -509.9728140702319
STEP: 730 ENERGY: -509.9728140702319
STEP: 740 ENERGY: -509.9728140702319
STEP: 750 ENERGY: -509.9728140702319
STEP: 760 ENERGY: -509.9728140702319
STEP: 770 ENERGY: -509.9728140702319
STEP: 780 ENERGY: -509.9728140702319
STEP: 790 ENERGY: -509.9728140702319
STEP: 800 ENERGY: -509.9728140702319
STEP: 810 ENERGY: -509.9728140702319
STEP: 820 ENERGY: -509.9728140702319
STEP: 830 ENERGY: -509.9728140702319
STEP: 840 ENERGY: -509.9728140702319
STEP: 850 ENERGY: -509.9728140702319
STEP: 860 ENERGY: -509.9728140702319
STEP: 870 ENERGY: -509.9728140702319
STEP: 880 ENERGY: -509.9728140702319
STEP: 890 ENERGY: -509.9728140702319
STEP: 900 ENERGY: -509.9728140702319
STEP: 910 ENERGY: -509.9728140702319
STEP: 920 ENERGY: -509.9728140702319
STEP: 930 ENERGY: -509.9728140702319
